2024-11-27 22:25:58.788 -08:00 [DBG] An 'IServiceProvider' was created for internal use by Entity Framework.
2024-11-27 22:25:59.196 -08:00 [DBG] Entity Framework Core 8.0.8 initialized 'ImageDbContext' using provider 'Microsoft.EntityFrameworkCore.Sqlite:8.0.8' with options: None
2024-11-27 22:25:59.201 -08:00 [DBG] Creating DbConnection.
2024-11-27 22:25:59.209 -08:00 [DBG] Created DbConnection. (6ms).
2024-11-27 22:25:59.213 -08:00 [DBG] Opening connection to database 'main' on server ':data.db'.
2024-11-27 22:25:59.222 -08:00 [DBG] Opened connection to database 'main' on server '/home/marcos/Assignments/PPTSolution/PPTAssessment/:data.db'.
2024-11-27 22:25:59.224 -08:00 [DBG] Creating DbConnection.
2024-11-27 22:25:59.225 -08:00 [DBG] Created DbConnection. (0ms).
2024-11-27 22:25:59.225 -08:00 [DBG] Opening connection to database 'main' on server ':data.db'.
2024-11-27 22:25:59.225 -08:00 [DBG] Opened connection to database 'main' on server '/home/marcos/Assignments/PPTSolution/PPTAssessment/:data.db'.
2024-11-27 22:25:59.227 -08:00 [DBG] Disposing connection to database 'main' on server ':data.db'.
2024-11-27 22:25:59.230 -08:00 [DBG] Disposed connection to database 'main' on server ':data.db' (0ms).
2024-11-27 22:25:59.235 -08:00 [DBG] Creating DbCommand for 'ExecuteScalar'.
2024-11-27 22:25:59.239 -08:00 [DBG] Created DbCommand for 'ExecuteScalar' (3ms).
2024-11-27 22:25:59.240 -08:00 [DBG] Initialized DbCommand for 'ExecuteScalar' (7ms).
2024-11-27 22:25:59.245 -08:00 [DBG] Executing DbCommand [Parameters=[], CommandType='"Text"', CommandTimeout='30']
SELECT COUNT(*) FROM "sqlite_master" WHERE "type" = 'table' AND "rootpage" IS NOT NULL;
2024-11-27 22:25:59.259 -08:00 [INF] Executed DbCommand (12ms) [Parameters=[], CommandType='"Text"', CommandTimeout='30']
SELECT COUNT(*) FROM "sqlite_master" WHERE "type" = 'table' AND "rootpage" IS NOT NULL;
2024-11-27 22:25:59.263 -08:00 [DBG] Migrating using database 'main' on server '/home/marcos/Assignments/PPTSolution/PPTAssessment/:data.db'.
2024-11-27 22:25:59.263 -08:00 [DBG] Creating DbConnection.
2024-11-27 22:25:59.263 -08:00 [DBG] Created DbConnection. (0ms).
2024-11-27 22:25:59.263 -08:00 [DBG] Opening connection to database 'main' on server ':data.db'.
2024-11-27 22:25:59.264 -08:00 [DBG] Opened connection to database 'main' on server '/home/marcos/Assignments/PPTSolution/PPTAssessment/:data.db'.
2024-11-27 22:25:59.264 -08:00 [DBG] Disposing connection to database 'main' on server ':data.db'.
2024-11-27 22:25:59.264 -08:00 [DBG] Disposed connection to database 'main' on server ':data.db' (0ms).
2024-11-27 22:25:59.266 -08:00 [DBG] Creating DbCommand for 'ExecuteScalar'.
2024-11-27 22:25:59.266 -08:00 [DBG] Created DbCommand for 'ExecuteScalar' (0ms).
2024-11-27 22:25:59.266 -08:00 [DBG] Initialized DbCommand for 'ExecuteScalar' (0ms).
2024-11-27 22:25:59.266 -08:00 [DBG] Executing DbCommand [Parameters=[], CommandType='"Text"', CommandTimeout='30']
SELECT COUNT(*) FROM "sqlite_master" WHERE "name" = '__EFMigrationsHistory' AND "type" = 'table';
2024-11-27 22:25:59.266 -08:00 [INF] Executed DbCommand (0ms) [Parameters=[], CommandType='"Text"', CommandTimeout='30']
SELECT COUNT(*) FROM "sqlite_master" WHERE "name" = '__EFMigrationsHistory' AND "type" = 'table';
2024-11-27 22:25:59.267 -08:00 [DBG] Creating DbConnection.
2024-11-27 22:25:59.267 -08:00 [DBG] Created DbConnection. (0ms).
2024-11-27 22:25:59.267 -08:00 [DBG] Opening connection to database 'main' on server ':data.db'.
2024-11-27 22:25:59.267 -08:00 [DBG] Opened connection to database 'main' on server '/home/marcos/Assignments/PPTSolution/PPTAssessment/:data.db'.
2024-11-27 22:25:59.267 -08:00 [DBG] Disposing connection to database 'main' on server ':data.db'.
2024-11-27 22:25:59.267 -08:00 [DBG] Disposed connection to database 'main' on server ':data.db' (0ms).
2024-11-27 22:25:59.267 -08:00 [DBG] Creating DbCommand for 'ExecuteScalar'.
2024-11-27 22:25:59.267 -08:00 [DBG] Created DbCommand for 'ExecuteScalar' (0ms).
2024-11-27 22:25:59.267 -08:00 [DBG] Initialized DbCommand for 'ExecuteScalar' (0ms).
2024-11-27 22:25:59.267 -08:00 [DBG] Executing DbCommand [Parameters=[], CommandType='"Text"', CommandTimeout='30']
SELECT COUNT(*) FROM "sqlite_master" WHERE "name" = '__EFMigrationsHistory' AND "type" = 'table';
2024-11-27 22:25:59.267 -08:00 [INF] Executed DbCommand (0ms) [Parameters=[], CommandType='"Text"', CommandTimeout='30']
SELECT COUNT(*) FROM "sqlite_master" WHERE "name" = '__EFMigrationsHistory' AND "type" = 'table';
2024-11-27 22:25:59.282 -08:00 [DBG] Creating DbCommand for 'ExecuteReader'.
2024-11-27 22:25:59.282 -08:00 [DBG] Created DbCommand for 'ExecuteReader' (0ms).
2024-11-27 22:25:59.282 -08:00 [DBG] Initialized DbCommand for 'ExecuteReader' (0ms).
2024-11-27 22:25:59.282 -08:00 [DBG] Executing DbCommand [Parameters=[], CommandType='"Text"', CommandTimeout='30']
SELECT "MigrationId", "ProductVersion"
FROM "__EFMigrationsHistory"
ORDER BY "MigrationId";
2024-11-27 22:25:59.283 -08:00 [INF] Executed DbCommand (0ms) [Parameters=[], CommandType='"Text"', CommandTimeout='30']
SELECT "MigrationId", "ProductVersion"
FROM "__EFMigrationsHistory"
ORDER BY "MigrationId";
2024-11-27 22:25:59.285 -08:00 [DBG] Closing data reader to 'main' on server '/home/marcos/Assignments/PPTSolution/PPTAssessment/:data.db'.
2024-11-27 22:25:59.286 -08:00 [DBG] A data reader for 'main' on server '/home/marcos/Assignments/PPTSolution/PPTAssessment/:data.db' is being disposed after spending 2ms reading results.
2024-11-27 22:25:59.300 -08:00 [INF] No migrations were applied. The database is already up to date.
2024-11-27 22:25:59.316 -08:00 [DBG] Compiling query expression: 
'DbSet<Image>()
    .Any()'
2024-11-27 22:25:59.430 -08:00 [DBG] Generated query execution expression: 
'queryContext => new SingleQueryingEnumerable<bool>(
    (RelationalQueryContext)queryContext, 
    RelationalCommandCache.QueryExpression(
        Projection Mapping:
            EmptyProjectionMember -> 0
        SELECT EXISTS (
            SELECT 1
            FROM Images AS i)), 
    null, 
    Func<QueryContext, DbDataReader, ResultContext, SingleQueryResultCoordinator, bool>, 
    ImageDbContext, 
    False, 
    False, 
    True
)
    .Single()'
2024-11-27 22:25:59.441 -08:00 [DBG] Creating DbCommand for 'ExecuteReader'.
2024-11-27 22:25:59.441 -08:00 [DBG] Created DbCommand for 'ExecuteReader' (0ms).
2024-11-27 22:25:59.442 -08:00 [DBG] Initialized DbCommand for 'ExecuteReader' (0ms).
2024-11-27 22:25:59.442 -08:00 [DBG] Executing DbCommand [Parameters=[], CommandType='"Text"', CommandTimeout='30']
SELECT EXISTS (
    SELECT 1
    FROM "Images" AS "i")
2024-11-27 22:25:59.442 -08:00 [INF] Executed DbCommand (0ms) [Parameters=[], CommandType='"Text"', CommandTimeout='30']
SELECT EXISTS (
    SELECT 1
    FROM "Images" AS "i")
2024-11-27 22:25:59.443 -08:00 [DBG] Closing data reader to 'main' on server '/home/marcos/Assignments/PPTSolution/PPTAssessment/:data.db'.
2024-11-27 22:25:59.443 -08:00 [DBG] A data reader for 'main' on server '/home/marcos/Assignments/PPTSolution/PPTAssessment/:data.db' is being disposed after spending 1ms reading results.
2024-11-27 22:25:59.458 -08:00 [DBG] 'ImageDbContext' disposed.
2024-11-27 22:25:59.460 -08:00 [DBG] Disposing connection to database 'main' on server ':data.db'.
2024-11-27 22:25:59.460 -08:00 [DBG] Disposed connection to database 'main' on server ':data.db' (0ms).
2024-11-27 22:25:59.462 -08:00 [DBG] Hosting starting
2024-11-27 22:25:59.690 -08:00 [WRN] The ASP.NET Core developer certificate is only trusted by some clients. For information about trusting the ASP.NET Core developer certificate, see https://aka.ms/aspnet/https-trust-dev-cert
2024-11-27 22:25:59.740 -08:00 [INF] Now listening on: https://localhost:7181
2024-11-27 22:25:59.753 -08:00 [INF] Now listening on: http://localhost:5062
2024-11-27 22:25:59.767 -08:00 [DBG] Loaded hosting startup assembly PPTAssessment
2024-11-27 22:25:59.770 -08:00 [INF] Application started. Press Ctrl+C to shut down.
2024-11-27 22:25:59.771 -08:00 [INF] Hosting environment: Development
2024-11-27 22:25:59.772 -08:00 [INF] Content root path: /home/marcos/Assignments/PPTSolution/PPTAssessment
2024-11-27 22:25:59.793 -08:00 [DBG] Hosting started
2024-11-27 22:26:00.758 -08:00 [DBG] Connection id "0HN8FEM3GHHC9" accepted.
2024-11-27 22:26:00.759 -08:00 [DBG] Connection id "0HN8FEM3GHHC9" started.
2024-11-27 22:26:00.786 -08:00 [DBG] Connection 0HN8FEM3GHHC9 established using the following protocol: "Tls13"
2024-11-27 22:26:00.862 -08:00 [INF] Request starting HTTP/2 GET https://localhost:7181/ - null null
2024-11-27 22:26:00.863 -08:00 [DBG] Wildcard detected, all requests with hosts will be allowed.
2024-11-27 22:26:00.898 -08:00 [DBG] No candidates found for the request path '/'
2024-11-27 22:26:00.898 -08:00 [DBG] Request did not match any endpoints
2024-11-27 22:26:00.903 -08:00 [INF] Request finished HTTP/2 GET https://localhost:7181/ - 404 0 null 42.5444ms
2024-11-27 22:26:00.906 -08:00 [INF] Request reached the end of the middleware pipeline without being handled by application code. Request path: GET https://localhost:7181/, Response status code: 404
2024-11-27 22:26:02.780 -08:00 [DBG] Connection id "0HN8FEM3GHHC9" received FIN.
2024-11-27 22:26:02.780 -08:00 [DBG] Connection id "0HN8FEM3GHHC9" is closing.
2024-11-27 22:26:02.780 -08:00 [DBG] Connection id "0HN8FEM3GHHC9" is closed. The last processed stream ID was 3.
2024-11-27 22:26:02.781 -08:00 [DBG] Connection id "0HN8FEM3GHHC9" sending FIN because: "The Socket transport's send loop completed gracefully."
2024-11-27 22:26:02.786 -08:00 [DBG] The connection queue processing loop for 0HN8FEM3GHHC9 completed.
2024-11-27 22:26:02.788 -08:00 [DBG] Connection id "0HN8FEM3GHHC9" stopped.
